[      95ms] [WARNING] MaxListenersExceededWarning: Possible EventEmitter memory leak detected. 11 close listeners added. Use emitter.setMaxListeners() to increase limit @ chrome-extension://nkbihfbeogaeaoehlefnkodbefgpgknn/scripts/contentscript.js:14082
[      95ms] [WARNING] MaxListenersExceededWarning: Possible EventEmitter memory leak detected. 11 end listeners added. Use emitter.setMaxListeners() to increase limit @ chrome-extension://nkbihfbeogaeaoehlefnkodbefgpgknn/scripts/contentscript.js:14082
[      97ms] [WARNING] ObjectMultiplex - orphaned data for stream "app-init-liveness" @ chrome-extension://nkbihfbeogaeaoehlefnkodbefgpgknn/scripts/contentscript.js:14082
[      98ms] [WARNING] ObjectMultiplex - orphaned data for stream "app-init-liveness" @ chrome-extension://nkbihfbeogaeaoehlefnkodbefgpgknn/scripts/contentscript.js:14082
[      98ms] [WARNING] ObjectMultiplex - orphaned data for stream "background-liveness" @ chrome-extension://nkbihfbeogaeaoehlefnkodbefgpgknn/scripts/contentscript.js:14082
[      98ms] [WARNING] ObjectMultiplex - orphaned data for stream "background-liveness" @ chrome-extension://nkbihfbeogaeaoehlefnkodbefgpgknn/scripts/contentscript.js:14082
[      98ms] [WARNING] ObjectMultiplex - malformed chunk without name "[object Object]" @ chrome-extension://nkbihfbeogaeaoehlefnkodbefgpgknn/scripts/contentscript.js:14082
[      98ms] [WARNING] ObjectMultiplex - malformed chunk without name "[object Object]" @ chrome-extension://nkbihfbeogaeaoehlefnkodbefgpgknn/scripts/contentscript.js:14082
[     126ms] [INFO] %cDownload the React DevTools for a better development experience: https://reactjs.org/link/react-devtools font-weight:bold @ http://localhost:5173/node_modules/.vite/deps/chunk-45HWO5LR.js?v=50a6c112:21608
[     170ms] [WARNING] ⚠️ React Router Future Flag Warning: React Router will begin wrapping state updates in `React.startTransition` in v7. You can use the `v7_startTransition` future flag to opt-in early. For more information, see https://reactrouter.com/v6/upgrading/future#v7_starttransition. @ http://localhost:5173/node_modules/.vite/deps/react-router-dom.js?v=50a6c112:4426
[   65754ms] [ERROR] Failed to load resource: net::ERR_NAME_NOT_RESOLVED @ https://sepolia-rollup.arbitrum.io/rpc:0
[   66747ms] [ERROR] Failed to load resource: net::ERR_NETWORK_CHANGED @ https://sepolia-rollup.arbitrum.io/rpc:0
[  272174ms] [WARNING] MaxListenersExceededWarning: Possible EventEmitter memory leak detected. 11 close listeners added. Use emitter.setMaxListeners() to increase limit @ chrome-extension://nkbihfbeogaeaoehlefnkodbefgpgknn/scripts/contentscript.js:14082
[  272174ms] [WARNING] MaxListenersExceededWarning: Possible EventEmitter memory leak detected. 11 end listeners added. Use emitter.setMaxListeners() to increase limit @ chrome-extension://nkbihfbeogaeaoehlefnkodbefgpgknn/scripts/contentscript.js:14082
[  272177ms] [WARNING] ObjectMultiplex - orphaned data for stream "app-init-liveness" @ chrome-extension://nkbihfbeogaeaoehlefnkodbefgpgknn/scripts/contentscript.js:14082
[  272177ms] [WARNING] ObjectMultiplex - orphaned data for stream "app-init-liveness" @ chrome-extension://nkbihfbeogaeaoehlefnkodbefgpgknn/scripts/contentscript.js:14082
[  272178ms] [WARNING] ObjectMultiplex - orphaned data for stream "background-liveness" @ chrome-extension://nkbihfbeogaeaoehlefnkodbefgpgknn/scripts/contentscript.js:14082
[  272178ms] [WARNING] ObjectMultiplex - orphaned data for stream "background-liveness" @ chrome-extension://nkbihfbeogaeaoehlefnkodbefgpgknn/scripts/contentscript.js:14082
[  272178ms] [WARNING] ObjectMultiplex - malformed chunk without name "[object Object]" @ chrome-extension://nkbihfbeogaeaoehlefnkodbefgpgknn/scripts/contentscript.js:14082
[  272178ms] [WARNING] ObjectMultiplex - malformed chunk without name "[object Object]" @ chrome-extension://nkbihfbeogaeaoehlefnkodbefgpgknn/scripts/contentscript.js:14082
[  272199ms] [INFO] %cDownload the React DevTools for a better development experience: https://reactjs.org/link/react-devtools font-weight:bold @ http://localhost:5173/node_modules/.vite/deps/chunk-45HWO5LR.js?v=50a6c112:21608
[  272239ms] [WARNING] ⚠️ React Router Future Flag Warning: React Router will begin wrapping state updates in `React.startTransition` in v7. You can use the `v7_startTransition` future flag to opt-in early. For more information, see https://reactrouter.com/v6/upgrading/future#v7_starttransition. @ http://localhost:5173/node_modules/.vite/deps/react-router-dom.js?v=50a6c112:4426
[ 1118547ms] [ERROR] Failed to load resource: net::ERR_INTERNET_DISCONNECTED @ https://sepolia-rollup.arbitrum.io/rpc:0
[ 1119586ms] [ERROR] Failed to load resource: net::ERR_NETWORK_CHANGED @ https://sepolia-rollup.arbitrum.io/rpc:0
[ 3378311ms] [WARNING] MaxListenersExceededWarning: Possible EventEmitter memory leak detected. 11 close listeners added. Use emitter.setMaxListeners() to increase limit @ chrome-extension://nkbihfbeogaeaoehlefnkodbefgpgknn/scripts/contentscript.js:14082
[ 3378312ms] [WARNING] MaxListenersExceededWarning: Possible EventEmitter memory leak detected. 11 end listeners added. Use emitter.setMaxListeners() to increase limit @ chrome-extension://nkbihfbeogaeaoehlefnkodbefgpgknn/scripts/contentscript.js:14082
[ 3378336ms] [WARNING] ObjectMultiplex - orphaned data for stream "app-init-liveness" @ chrome-extension://nkbihfbeogaeaoehlefnkodbefgpgknn/scripts/contentscript.js:14082
[ 3378336ms] [WARNING] ObjectMultiplex - orphaned data for stream "app-init-liveness" @ chrome-extension://nkbihfbeogaeaoehlefnkodbefgpgknn/scripts/contentscript.js:14082
[ 3378336ms] [WARNING] ObjectMultiplex - orphaned data for stream "background-liveness" @ chrome-extension://nkbihfbeogaeaoehlefnkodbefgpgknn/scripts/contentscript.js:14082
[ 3378336ms] [WARNING] ObjectMultiplex - orphaned data for stream "background-liveness" @ chrome-extension://nkbihfbeogaeaoehlefnkodbefgpgknn/scripts/contentscript.js:14082
[ 3378336ms] [WARNING] ObjectMultiplex - malformed chunk without name "[object Object]" @ chrome-extension://nkbihfbeogaeaoehlefnkodbefgpgknn/scripts/contentscript.js:14082
[ 3378336ms] [WARNING] ObjectMultiplex - malformed chunk without name "[object Object]" @ chrome-extension://nkbihfbeogaeaoehlefnkodbefgpgknn/scripts/contentscript.js:14082
[ 3378367ms] [INFO] %cDownload the React DevTools for a better development experience: https://reactjs.org/link/react-devtools font-weight:bold @ http://localhost:5173/node_modules/.vite/deps/chunk-45HWO5LR.js?v=50a6c112:21608
[ 3378438ms] [WARNING] ⚠️ React Router Future Flag Warning: React Router will begin wrapping state updates in `React.startTransition` in v7. You can use the `v7_startTransition` future flag to opt-in early. For more information, see https://reactrouter.com/v6/upgrading/future#v7_starttransition. @ http://localhost:5173/node_modules/.vite/deps/react-router-dom.js?v=50a6c112:4426
[ 3384181ms] [WARNING] MaxListenersExceededWarning: Possible EventEmitter memory leak detected. 11 close listeners added. Use emitter.setMaxListeners() to increase limit @ chrome-extension://nkbihfbeogaeaoehlefnkodbefgpgknn/scripts/contentscript.js:14082
[ 3384181ms] [WARNING] MaxListenersExceededWarning: Possible EventEmitter memory leak detected. 11 end listeners added. Use emitter.setMaxListeners() to increase limit @ chrome-extension://nkbihfbeogaeaoehlefnkodbefgpgknn/scripts/contentscript.js:14082
[ 3384183ms] [WARNING] ObjectMultiplex - orphaned data for stream "app-init-liveness" @ chrome-extension://nkbihfbeogaeaoehlefnkodbefgpgknn/scripts/contentscript.js:14082
[ 3384183ms] [WARNING] ObjectMultiplex - orphaned data for stream "app-init-liveness" @ chrome-extension://nkbihfbeogaeaoehlefnkodbefgpgknn/scripts/contentscript.js:14082
[ 3384184ms] [WARNING] ObjectMultiplex - orphaned data for stream "background-liveness" @ chrome-extension://nkbihfbeogaeaoehlefnkodbefgpgknn/scripts/contentscript.js:14082
[ 3384184ms] [WARNING] ObjectMultiplex - orphaned data for stream "background-liveness" @ chrome-extension://nkbihfbeogaeaoehlefnkodbefgpgknn/scripts/contentscript.js:14082
[ 3384184ms] [WARNING] ObjectMultiplex - malformed chunk without name "[object Object]" @ chrome-extension://nkbihfbeogaeaoehlefnkodbefgpgknn/scripts/contentscript.js:14082
[ 3384184ms] [WARNING] ObjectMultiplex - malformed chunk without name "[object Object]" @ chrome-extension://nkbihfbeogaeaoehlefnkodbefgpgknn/scripts/contentscript.js:14082
[ 3384202ms] [INFO] %cDownload the React DevTools for a better development experience: https://reactjs.org/link/react-devtools font-weight:bold @ http://localhost:5173/node_modules/.vite/deps/chunk-45HWO5LR.js?v=50a6c112:21608
[ 3384237ms] [WARNING] ⚠️ React Router Future Flag Warning: React Router will begin wrapping state updates in `React.startTransition` in v7. You can use the `v7_startTransition` future flag to opt-in early. For more information, see https://reactrouter.com/v6/upgrading/future#v7_starttransition. @ http://localhost:5173/node_modules/.vite/deps/react-router-dom.js?v=50a6c112:4426
[ 3460099ms] [WARNING] MetaMask - RPC Error: MetaMask Tx Signature: User denied transaction signature. {code: 4001, message: MetaMask Tx Signature: User denied transaction signature., data: Object, stack: Error: MetaMask Tx Signature: User denied transact…odbefgpgknn/6624.6731ba0b6f0f626fb90b.js:23:29342} @ chrome-extension://nkbihfbeogaeaoehlefnkodbefgpgknn/scripts/inpage.js:6
[ 3881538ms] [LOG] [vite] server connection lost. Polling for restart... @ http://localhost:5173/@vite/client:963
[ 3881540ms] [ERROR] WebSocket connection to 'ws://localhost:5173/' failed:  @ http://localhost:5173/@vite/client:1034
[ 3882647ms] [WARNING] MaxListenersExceededWarning: Possible EventEmitter memory leak detected. 11 close listeners added. Use emitter.setMaxListeners() to increase limit @ chrome-extension://nkbihfbeogaeaoehlefnkodbefgpgknn/scripts/contentscript.js:14082
[ 3882647ms] [WARNING] MaxListenersExceededWarning: Possible EventEmitter memory leak detected. 11 end listeners added. Use emitter.setMaxListeners() to increase limit @ chrome-extension://nkbihfbeogaeaoehlefnkodbefgpgknn/scripts/contentscript.js:14082
[ 3882650ms] [WARNING] ObjectMultiplex - orphaned data for stream "app-init-liveness" @ chrome-extension://nkbihfbeogaeaoehlefnkodbefgpgknn/scripts/contentscript.js:14082
[ 3882650ms] [WARNING] ObjectMultiplex - orphaned data for stream "app-init-liveness" @ chrome-extension://nkbihfbeogaeaoehlefnkodbefgpgknn/scripts/contentscript.js:14082
[ 3882650ms] [WARNING] ObjectMultiplex - orphaned data for stream "background-liveness" @ chrome-extension://nkbihfbeogaeaoehlefnkodbefgpgknn/scripts/contentscript.js:14082
[ 3882650ms] [WARNING] ObjectMultiplex - orphaned data for stream "background-liveness" @ chrome-extension://nkbihfbeogaeaoehlefnkodbefgpgknn/scripts/contentscript.js:14082
[ 3882650ms] [WARNING] ObjectMultiplex - malformed chunk without name "[object Object]" @ chrome-extension://nkbihfbeogaeaoehlefnkodbefgpgknn/scripts/contentscript.js:14082
[ 3882650ms] [WARNING] ObjectMultiplex - malformed chunk without name "[object Object]" @ chrome-extension://nkbihfbeogaeaoehlefnkodbefgpgknn/scripts/contentscript.js:14082
[ 3882803ms] [INFO] %cDownload the React DevTools for a better development experience: https://reactjs.org/link/react-devtools font-weight:bold @ http://localhost:5173/node_modules/.vite/deps/chunk-45HWO5LR.js?v=50a6c112:21608
[ 3882846ms] [WARNING] ⚠️ React Router Future Flag Warning: React Router will begin wrapping state updates in `React.startTransition` in v7. You can use the `v7_startTransition` future flag to opt-in early. For more information, see https://reactrouter.com/v6/upgrading/future#v7_starttransition. @ http://localhost:5173/node_modules/.vite/deps/react-router-dom.js?v=50a6c112:4426
[ 3959315ms] [WARNING] MaxListenersExceededWarning: Possible EventEmitter memory leak detected. 11 close listeners added. Use emitter.setMaxListeners() to increase limit @ chrome-extension://nkbihfbeogaeaoehlefnkodbefgpgknn/scripts/contentscript.js:14082
[ 3959316ms] [WARNING] MaxListenersExceededWarning: Possible EventEmitter memory leak detected. 11 end listeners added. Use emitter.setMaxListeners() to increase limit @ chrome-extension://nkbihfbeogaeaoehlefnkodbefgpgknn/scripts/contentscript.js:14082
[ 3959353ms] [WARNING] ObjectMultiplex - orphaned data for stream "app-init-liveness" @ chrome-extension://nkbihfbeogaeaoehlefnkodbefgpgknn/scripts/contentscript.js:14082
[ 3959353ms] [WARNING] ObjectMultiplex - orphaned data for stream "app-init-liveness" @ chrome-extension://nkbihfbeogaeaoehlefnkodbefgpgknn/scripts/contentscript.js:14082
[ 3959353ms] [WARNING] ObjectMultiplex - orphaned data for stream "background-liveness" @ chrome-extension://nkbihfbeogaeaoehlefnkodbefgpgknn/scripts/contentscript.js:14082
[ 3959353ms] [WARNING] ObjectMultiplex - orphaned data for stream "background-liveness" @ chrome-extension://nkbihfbeogaeaoehlefnkodbefgpgknn/scripts/contentscript.js:14082
[ 3959353ms] [WARNING] ObjectMultiplex - malformed chunk without name "[object Object]" @ chrome-extension://nkbihfbeogaeaoehlefnkodbefgpgknn/scripts/contentscript.js:14082
[ 3959354ms] [WARNING] ObjectMultiplex - malformed chunk without name "[object Object]" @ chrome-extension://nkbihfbeogaeaoehlefnkodbefgpgknn/scripts/contentscript.js:14082
[ 3959372ms] [INFO] %cDownload the React DevTools for a better development experience: https://reactjs.org/link/react-devtools font-weight:bold @ http://localhost:5173/node_modules/.vite/deps/chunk-45HWO5LR.js?v=50a6c112:21608
[ 3959414ms] [WARNING] ⚠️ React Router Future Flag Warning: React Router will begin wrapping state updates in `React.startTransition` in v7. You can use the `v7_startTransition` future flag to opt-in early. For more information, see https://reactrouter.com/v6/upgrading/future#v7_starttransition. @ http://localhost:5173/node_modules/.vite/deps/react-router-dom.js?v=50a6c112:4426
[ 4485842ms] [LOG] [vite] server connection lost. Polling for restart... @ http://localhost:5173/@vite/client:963
[ 4485845ms] [ERROR] WebSocket connection to 'ws://localhost:5173/' failed:  @ http://localhost:5173/@vite/client:1034
[ 4486849ms] [ERROR] WebSocket connection to 'ws://localhost:5173/' failed:  @ http://localhost:5173/@vite/client:1034
[ 4487853ms] [ERROR] WebSocket connection to 'ws://localhost:5173/' failed:  @ http://localhost:5173/@vite/client:1034
[ 4488857ms] [ERROR] WebSocket connection to 'ws://localhost:5173/' failed:  @ http://localhost:5173/@vite/client:1034
[ 4489247ms] [ERROR] Failed to load resource: net::ERR_CONNECTION_REFUSED @ http://localhost:5173/api/markets/0:0
[ 4489861ms] [ERROR] WebSocket connection to 'ws://localhost:5173/' failed:  @ http://localhost:5173/@vite/client:1034
[ 4490252ms] [ERROR] Failed to load resource: net::ERR_CONNECTION_REFUSED @ http://localhost:5173/api/markets/0:0
[ 4490868ms] [ERROR] WebSocket connection to 'ws://localhost:5173/' failed:  @ http://localhost:5173/@vite/client:1034
[ 4491881ms] [ERROR] WebSocket connection to 'ws://localhost:5173/' failed:  @ http://localhost:5173/@vite/client:1034
[ 4492899ms] [ERROR] WebSocket connection to 'ws://localhost:5173/' failed:  @ http://localhost:5173/@vite/client:1034
[ 4493935ms] [ERROR] WebSocket connection to 'ws://localhost:5173/' failed:  @ http://localhost:5173/@vite/client:1034
[ 4494985ms] [ERROR] WebSocket connection to 'ws://localhost:5173/' failed:  @ http://localhost:5173/@vite/client:1034
[ 4496126ms] [ERROR] WebSocket connection to 'ws://localhost:5173/' failed:  @ http://localhost:5173/@vite/client:1034
[ 4497251ms] [ERROR] WebSocket connection to 'ws://localhost:5173/' failed:  @ http://localhost:5173/@vite/client:1034
[ 4498628ms] [ERROR] WebSocket connection to 'ws://localhost:5173/' failed:  @ http://localhost:5173/@vite/client:1034
[ 4500525ms] [ERROR] WebSocket connection to 'ws://localhost:5173/' failed:  @ http://localhost:5173/@vite/client:1034
[ 4503771ms] [ERROR] WebSocket connection to 'ws://localhost:5173/' failed:  @ http://localhost:5173/@vite/client:1034
[ 4505256ms] [ERROR] Failed to load resource: net::ERR_CONNECTION_REFUSED @ http://localhost:5173/api/markets/0:0
[ 4506260ms] [ERROR] Failed to load resource: net::ERR_CONNECTION_REFUSED @ http://localhost:5173/api/markets/0:0
[ 4507269ms] [ERROR] WebSocket connection to 'ws://localhost:5173/' failed:  @ http://localhost:5173/@vite/client:1034
[ 4509059ms] [ERROR] WebSocket connection to 'ws://localhost:3001/socket.io/?EIO=4&transport=websocket&sid=7eEw_jGQpLRATl2MAAAc' failed:  @ http://localhost:5173/node_modules/.vite/deps/chunk-L5PTG6M4.js?v=50a6c112:1062
[ 4509067ms] [ERROR] WebSocket connection to 'ws://localhost:5173/' failed:  @ http://localhost:5173/@vite/client:1034
[ 4509071ms] [WARNING] MaxListenersExceededWarning: Possible EventEmitter memory leak detected. 11 error listeners added. Use emitter.setMaxListeners() to increase limit @ chrome-extension://nkbihfbeogaeaoehlefnkodbefgpgknn/scripts/contentscript.js:14082
[ 4509072ms] [WARNING] [object Object] Resetting the streams. @ chrome-extension://nkbihfbeogaeaoehlefnkodbefgpgknn/scripts/contentscript.js:14062
[ 4509072ms] [LOG] [ChromeTransport] chromePort disconnected @ chrome-extension://nkbihfbeogaeaoehlefnkodbefgpgknn/scripts/inpage.js:6
[ 4510076ms] [WARNING] MaxListenersExceededWarning: Possible EventEmitter memory leak detected. 11 close listeners added. Use emitter.setMaxListeners() to increase limit @ chrome-extension://nkbihfbeogaeaoehlefnkodbefgpgknn/scripts/contentscript.js:14082
[ 4510077ms] [WARNING] MaxListenersExceededWarning: Possible EventEmitter memory leak detected. 11 end listeners added. Use emitter.setMaxListeners() to increase limit @ chrome-extension://nkbihfbeogaeaoehlefnkodbefgpgknn/scripts/contentscript.js:14082
[ 4510078ms] [WARNING] MaxListenersExceededWarning: Possible EventEmitter memory leak detected. 11 error listeners added. Use emitter.setMaxListeners() to increase limit @ chrome-extension://nkbihfbeogaeaoehlefnkodbefgpgknn/scripts/contentscript.js:14082
[ 4510079ms] [ERROR] WebSocket connection to 'ws://localhost:5173/' failed:  @ http://localhost:5173/@vite/client:1034
[ 4510255ms] [WARNING] ObjectMultiplex - orphaned data for stream "app-init-liveness" @ chrome-extension://nkbihfbeogaeaoehlefnkodbefgpgknn/scripts/contentscript.js:14082
[ 4510255ms] [WARNING] ObjectMultiplex - orphaned data for stream "background-liveness" @ chrome-extension://nkbihfbeogaeaoehlefnkodbefgpgknn/scripts/contentscript.js:14082
[ 4510428ms] [ERROR] Failed to load resource: net::ERR_CONNECTION_REFUSED @ http://localhost:3001/socket.io/?EIO=4&transport=polling&t=272gki6m:0
[ 4510490ms] [WARNING] ObjectMultiplex - malformed chunk without name "[object Object]" @ chrome-extension://nkbihfbeogaeaoehlefnkodbefgpgknn/scripts/contentscript.js:14082
[ 4511081ms] [ERROR] WebSocket connection to 'ws://localhost:5173/' failed:  @ http://localhost:5173/@vite/client:1034
[ 4512084ms] [ERROR] WebSocket connection to 'ws://localhost:5173/' failed:  @ http://localhost:5173/@vite/client:1034
[ 4512559ms] [ERROR] Failed to load resource: net::ERR_CONNECTION_REFUSED @ http://localhost:3001/socket.io/?EIO=4&transport=polling&t=2743reaq:0
[ 4513086ms] [ERROR] WebSocket connection to 'ws://localhost:5173/' failed:  @ http://localhost:5173/@vite/client:1034
[ 4514091ms] [ERROR] WebSocket connection to 'ws://localhost:5173/' failed:  @ http://localhost:5173/@vite/client:1034
[ 4515095ms] [ERROR] WebSocket connection to 'ws://localhost:5173/' failed:  @ http://localhost:5173/@vite/client:1034
[ 4516102ms] [ERROR] WebSocket connection to 'ws://localhost:5173/' failed:  @ http://localhost:5173/@vite/client:1034
[ 4517112ms] [ERROR] WebSocket connection to 'ws://localhost:5173/' failed:  @ http://localhost:5173/@vite/client:1034
[ 4517363ms] [ERROR] Failed to load resource: net::ERR_CONNECTION_REFUSED @ http://localhost:3001/socket.io/?EIO=4&transport=polling&t=277t649i:0
[ 4518150ms] [ERROR] WebSocket connection to 'ws://localhost:5173/' failed:  @ http://localhost:5173/@vite/client:1034
[ 4519219ms] [ERROR] WebSocket connection to 'ws://localhost:5173/' failed:  @ http://localhost:5173/@vite/client:1034
[ 4520269ms] [ERROR] WebSocket connection to 'ws://localhost:5173/' failed:  @ http://localhost:5173/@vite/client:1034
[ 4521271ms] [ERROR] Failed to load resource: net::ERR_CONNECTION_REFUSED @ http://localhost:5173/api/markets/0:0
[ 4521546ms] [ERROR] WebSocket connection to 'ws://localhost:5173/' failed:  @ http://localhost:5173/@vite/client:1034
[ 4522277ms] [ERROR] Failed to load resource: net::ERR_CONNECTION_REFUSED @ http://localhost:5173/api/markets/0:0
[ 4522368ms] [ERROR] Failed to load resource: net::ERR_CONNECTION_REFUSED @ http://localhost:3001/socket.io/?EIO=4&transport=polling&t=27bo7gjr:0
[ 4522885ms] [ERROR] WebSocket connection to 'ws://localhost:5173/' failed:  @ http://localhost:5173/@vite/client:1034
[ 4524628ms] [ERROR] WebSocket connection to 'ws://localhost:5173/' failed:  @ http://localhost:5173/@vite/client:1034
[ 4527152ms] [ERROR] WebSocket connection to 'ws://localhost:5173/' failed:  @ http://localhost:5173/@vite/client:1034
[ 4527373ms] [ERROR] Failed to load resource: net::ERR_CONNECTION_REFUSED @ http://localhost:3001/socket.io/?EIO=4&transport=polling&t=27fj8iu4:0
[ 4531179ms] [ERROR] WebSocket connection to 'ws://localhost:5173/' failed:  @ http://localhost:5173/@vite/client:1034
[ 4532377ms] [ERROR] Failed to load resource: net::ERR_CONNECTION_REFUSED @ http://localhost:3001/socket.io/?EIO=4&transport=polling&t=27je8grp:0
[ 4536734ms] [ERROR] WebSocket connection to 'ws://localhost:5173/' failed:  @ http://localhost:5173/@vite/client:1034
[ 4537284ms] [ERROR] Failed to load resource: net::ERR_CONNECTION_REFUSED @ http://localhost:5173/api/markets/0:0
[ 4537382ms] [ERROR] Failed to load resource: net::ERR_CONNECTION_REFUSED @ http://localhost:3001/socket.io/?EIO=4&transport=polling&t=27n99l95:0
[ 4538287ms] [ERROR] Failed to load resource: net::ERR_CONNECTION_REFUSED @ http://localhost:5173/api/markets/0:0
[ 4540322ms] [ERROR] WebSocket connection to 'ws://localhost:5173/' failed:  @ http://localhost:5173/@vite/client:1034
[ 4546234ms] [ERROR] WebSocket connection to 'ws://localhost:5173/' failed:  @ http://localhost:5173/@vite/client:1034
[ 4547309ms] [ERROR] WebSocket connection to 'ws://localhost:5173/' failed:  @ http://localhost:5173/@vite/client:1034
[ 4548538ms] [WARNING] MaxListenersExceededWarning: Possible EventEmitter memory leak detected. 11 close listeners added. Use emitter.setMaxListeners() to increase limit @ chrome-extension://nkbihfbeogaeaoehlefnkodbefgpgknn/scripts/contentscript.js:14082
[ 4548539ms] [WARNING] MaxListenersExceededWarning: Possible EventEmitter memory leak detected. 11 end listeners added. Use emitter.setMaxListeners() to increase limit @ chrome-extension://nkbihfbeogaeaoehlefnkodbefgpgknn/scripts/contentscript.js:14082
[ 4548560ms] [WARNING] ObjectMultiplex - orphaned data for stream "app-init-liveness" @ chrome-extension://nkbihfbeogaeaoehlefnkodbefgpgknn/scripts/contentscript.js:14082
[ 4548560ms] [WARNING] ObjectMultiplex - orphaned data for stream "app-init-liveness" @ chrome-extension://nkbihfbeogaeaoehlefnkodbefgpgknn/scripts/contentscript.js:14082
[ 4548560ms] [WARNING] ObjectMultiplex - orphaned data for stream "background-liveness" @ chrome-extension://nkbihfbeogaeaoehlefnkodbefgpgknn/scripts/contentscript.js:14082
[ 4548560ms] [WARNING] ObjectMultiplex - orphaned data for stream "background-liveness" @ chrome-extension://nkbihfbeogaeaoehlefnkodbefgpgknn/scripts/contentscript.js:14082
[ 4548561ms] [WARNING] ObjectMultiplex - malformed chunk without name "[object Object]" @ chrome-extension://nkbihfbeogaeaoehlefnkodbefgpgknn/scripts/contentscript.js:14082
[ 4548561ms] [WARNING] ObjectMultiplex - malformed chunk without name "[object Object]" @ chrome-extension://nkbihfbeogaeaoehlefnkodbefgpgknn/scripts/contentscript.js:14082
[ 4548951ms] [INFO] %cDownload the React DevTools for a better development experience: https://reactjs.org/link/react-devtools font-weight:bold @ http://localhost:5173/node_modules/.vite/deps/chunk-45HWO5LR.js?v=50a6c112:21608
[ 4549020ms] [WARNING] ⚠️ React Router Future Flag Warning: React Router will begin wrapping state updates in `React.startTransition` in v7. You can use the `v7_startTransition` future flag to opt-in early. For more information, see https://reactrouter.com/v6/upgrading/future#v7_starttransition. @ http://localhost:5173/node_modules/.vite/deps/react-router-dom.js?v=50a6c112:4426
[ 4723124ms] [WARNING] MaxListenersExceededWarning: Possible EventEmitter memory leak detected. 11 close listeners added. Use emitter.setMaxListeners() to increase limit @ chrome-extension://nkbihfbeogaeaoehlefnkodbefgpgknn/scripts/contentscript.js:14082
[ 4723124ms] [WARNING] MaxListenersExceededWarning: Possible EventEmitter memory leak detected. 11 end listeners added. Use emitter.setMaxListeners() to increase limit @ chrome-extension://nkbihfbeogaeaoehlefnkodbefgpgknn/scripts/contentscript.js:14082
[ 4723157ms] [WARNING] ObjectMultiplex - orphaned data for stream "app-init-liveness" @ chrome-extension://nkbihfbeogaeaoehlefnkodbefgpgknn/scripts/contentscript.js:14082
[ 4723158ms] [WARNING] ObjectMultiplex - orphaned data for stream "app-init-liveness" @ chrome-extension://nkbihfbeogaeaoehlefnkodbefgpgknn/scripts/contentscript.js:14082
[ 4723158ms] [WARNING] ObjectMultiplex - orphaned data for stream "background-liveness" @ chrome-extension://nkbihfbeogaeaoehlefnkodbefgpgknn/scripts/contentscript.js:14082
[ 4723158ms] [WARNING] ObjectMultiplex - orphaned data for stream "background-liveness" @ chrome-extension://nkbihfbeogaeaoehlefnkodbefgpgknn/scripts/contentscript.js:14082
[ 4723158ms] [WARNING] ObjectMultiplex - malformed chunk without name "[object Object]" @ chrome-extension://nkbihfbeogaeaoehlefnkodbefgpgknn/scripts/contentscript.js:14082
[ 4723158ms] [WARNING] ObjectMultiplex - malformed chunk without name "[object Object]" @ chrome-extension://nkbihfbeogaeaoehlefnkodbefgpgknn/scripts/contentscript.js:14082
[ 4723175ms] [INFO] %cDownload the React DevTools for a better development experience: https://reactjs.org/link/react-devtools font-weight:bold @ http://localhost:5173/node_modules/.vite/deps/chunk-45HWO5LR.js?v=50a6c112:21608
[ 4723218ms] [WARNING] ⚠️ React Router Future Flag Warning: React Router will begin wrapping state updates in `React.startTransition` in v7. You can use the `v7_startTransition` future flag to opt-in early. For more information, see https://reactrouter.com/v6/upgrading/future#v7_starttransition. @ http://localhost:5173/node_modules/.vite/deps/react-router-dom.js?v=50a6c112:4426
[ 4729167ms] [WARNING] MaxListenersExceededWarning: Possible EventEmitter memory leak detected. 11 close listeners added. Use emitter.setMaxListeners() to increase limit @ chrome-extension://nkbihfbeogaeaoehlefnkodbefgpgknn/scripts/contentscript.js:14082
[ 4729167ms] [WARNING] MaxListenersExceededWarning: Possible EventEmitter memory leak detected. 11 end listeners added. Use emitter.setMaxListeners() to increase limit @ chrome-extension://nkbihfbeogaeaoehlefnkodbefgpgknn/scripts/contentscript.js:14082
[ 4729199ms] [WARNING] ObjectMultiplex - orphaned data for stream "app-init-liveness" @ chrome-extension://nkbihfbeogaeaoehlefnkodbefgpgknn/scripts/contentscript.js:14082
[ 4729200ms] [WARNING] ObjectMultiplex - orphaned data for stream "app-init-liveness" @ chrome-extension://nkbihfbeogaeaoehlefnkodbefgpgknn/scripts/contentscript.js:14082
[ 4729200ms] [WARNING] ObjectMultiplex - orphaned data for stream "background-liveness" @ chrome-extension://nkbihfbeogaeaoehlefnkodbefgpgknn/scripts/contentscript.js:14082
[ 4729200ms] [WARNING] ObjectMultiplex - orphaned data for stream "background-liveness" @ chrome-extension://nkbihfbeogaeaoehlefnkodbefgpgknn/scripts/contentscript.js:14082
[ 4729200ms] [WARNING] ObjectMultiplex - malformed chunk without name "[object Object]" @ chrome-extension://nkbihfbeogaeaoehlefnkodbefgpgknn/scripts/contentscript.js:14082
[ 4729200ms] [WARNING] ObjectMultiplex - malformed chunk without name "[object Object]" @ chrome-extension://nkbihfbeogaeaoehlefnkodbefgpgknn/scripts/contentscript.js:14082
[ 4729216ms] [INFO] %cDownload the React DevTools for a better development experience: https://reactjs.org/link/react-devtools font-weight:bold @ http://localhost:5173/node_modules/.vite/deps/chunk-45HWO5LR.js?v=50a6c112:21608
[ 4729251ms] [WARNING] ⚠️ React Router Future Flag Warning: React Router will begin wrapping state updates in `React.startTransition` in v7. You can use the `v7_startTransition` future flag to opt-in early. For more information, see https://reactrouter.com/v6/upgrading/future#v7_starttransition. @ http://localhost:5173/node_modules/.vite/deps/react-router-dom.js?v=50a6c112:4426
[ 4795996ms] [WARNING] MetaMask - RPC Error: MetaMask Tx Signature: User denied transaction signature. {code: 4001, message: MetaMask Tx Signature: User denied transaction signature., data: Object, stack: Error: MetaMask Tx Signature: User denied transact…odbefgpgknn/6624.6731ba0b6f0f626fb90b.js:23:29342} @ chrome-extension://nkbihfbeogaeaoehlefnkodbefgpgknn/scripts/inpage.js:6
[ 5186020ms] [WARNING] MaxListenersExceededWarning: Possible EventEmitter memory leak detected. 11 close listeners added. Use emitter.setMaxListeners() to increase limit @ chrome-extension://nkbihfbeogaeaoehlefnkodbefgpgknn/scripts/contentscript.js:14082
[ 5186020ms] [WARNING] MaxListenersExceededWarning: Possible EventEmitter memory leak detected. 11 end listeners added. Use emitter.setMaxListeners() to increase limit @ chrome-extension://nkbihfbeogaeaoehlefnkodbefgpgknn/scripts/contentscript.js:14082
[ 5186040ms] [WARNING] ObjectMultiplex - orphaned data for stream "app-init-liveness" @ chrome-extension://nkbihfbeogaeaoehlefnkodbefgpgknn/scripts/contentscript.js:14082
[ 5186040ms] [WARNING] ObjectMultiplex - orphaned data for stream "app-init-liveness" @ chrome-extension://nkbihfbeogaeaoehlefnkodbefgpgknn/scripts/contentscript.js:14082
[ 5186040ms] [WARNING] ObjectMultiplex - orphaned data for stream "background-liveness" @ chrome-extension://nkbihfbeogaeaoehlefnkodbefgpgknn/scripts/contentscript.js:14082
[ 5186040ms] [WARNING] ObjectMultiplex - orphaned data for stream "background-liveness" @ chrome-extension://nkbihfbeogaeaoehlefnkodbefgpgknn/scripts/contentscript.js:14082
[ 5186041ms] [WARNING] ObjectMultiplex - malformed chunk without name "[object Object]" @ chrome-extension://nkbihfbeogaeaoehlefnkodbefgpgknn/scripts/contentscript.js:14082
[ 5186041ms] [WARNING] ObjectMultiplex - malformed chunk without name "[object Object]" @ chrome-extension://nkbihfbeogaeaoehlefnkodbefgpgknn/scripts/contentscript.js:14082
[ 5186073ms] [INFO] %cDownload the React DevTools for a better development experience: https://reactjs.org/link/react-devtools font-weight:bold @ http://localhost:5173/node_modules/.vite/deps/chunk-45HWO5LR.js?v=50a6c112:21608
[ 5186141ms] [WARNING] ⚠️ React Router Future Flag Warning: React Router will begin wrapping state updates in `React.startTransition` in v7. You can use the `v7_startTransition` future flag to opt-in early. For more information, see https://reactrouter.com/v6/upgrading/future#v7_starttransition. @ http://localhost:5173/node_modules/.vite/deps/react-router-dom.js?v=50a6c112:4426
[ 5214148ms] [WARNING] MetaMask - RPC Error: MetaMask Tx Signature: User denied transaction signature. {code: 4001, message: MetaMask Tx Signature: User denied transaction signature., data: Object, stack: Error: MetaMask Tx Signature: User denied transact…odbefgpgknn/6624.6731ba0b6f0f626fb90b.js:23:29342} @ chrome-extension://nkbihfbeogaeaoehlefnkodbefgpgknn/scripts/inpage.js:6
[ 5221484ms] [WARNING] MetaMask - RPC Error: MetaMask Tx Signature: User denied transaction signature. {code: 4001, message: MetaMask Tx Signature: User denied transaction signature., data: Object, stack: Error: MetaMask Tx Signature: User denied transact…odbefgpgknn/6624.6731ba0b6f0f626fb90b.js:23:29342} @ chrome-extension://nkbihfbeogaeaoehlefnkodbefgpgknn/scripts/inpage.js:6
[ 5295790ms] [WARNING] MetaMask - RPC Error: MetaMask Tx Signature: User denied transaction signature. {code: 4001, message: MetaMask Tx Signature: User denied transaction signature., data: Object, stack: Error: MetaMask Tx Signature: User denied transact…odbefgpgknn/6624.6731ba0b6f0f626fb90b.js:23:29342} @ chrome-extension://nkbihfbeogaeaoehlefnkodbefgpgknn/scripts/inpage.js:6
[ 5804937ms] [WARNING] MaxListenersExceededWarning: Possible EventEmitter memory leak detected. 11 close listeners added. Use emitter.setMaxListeners() to increase limit @ chrome-extension://nkbihfbeogaeaoehlefnkodbefgpgknn/scripts/contentscript.js:14082
[ 5804938ms] [WARNING] MaxListenersExceededWarning: Possible EventEmitter memory leak detected. 11 end listeners added. Use emitter.setMaxListeners() to increase limit @ chrome-extension://nkbihfbeogaeaoehlefnkodbefgpgknn/scripts/contentscript.js:14082
[ 5804958ms] [WARNING] ObjectMultiplex - orphaned data for stream "app-init-liveness" @ chrome-extension://nkbihfbeogaeaoehlefnkodbefgpgknn/scripts/contentscript.js:14082
[ 5804958ms] [WARNING] ObjectMultiplex - orphaned data for stream "app-init-liveness" @ chrome-extension://nkbihfbeogaeaoehlefnkodbefgpgknn/scripts/contentscript.js:14082
[ 5804958ms] [WARNING] ObjectMultiplex - orphaned data for stream "background-liveness" @ chrome-extension://nkbihfbeogaeaoehlefnkodbefgpgknn/scripts/contentscript.js:14082
[ 5804958ms] [WARNING] ObjectMultiplex - orphaned data for stream "background-liveness" @ chrome-extension://nkbihfbeogaeaoehlefnkodbefgpgknn/scripts/contentscript.js:14082
[ 5804958ms] [WARNING] ObjectMultiplex - malformed chunk without name "[object Object]" @ chrome-extension://nkbihfbeogaeaoehlefnkodbefgpgknn/scripts/contentscript.js:14082
[ 5804958ms] [WARNING] ObjectMultiplex - malformed chunk without name "[object Object]" @ chrome-extension://nkbihfbeogaeaoehlefnkodbefgpgknn/scripts/contentscript.js:14082
[ 5804986ms] [INFO] %cDownload the React DevTools for a better development experience: https://reactjs.org/link/react-devtools font-weight:bold @ http://localhost:5173/node_modules/.vite/deps/chunk-45HWO5LR.js?v=50a6c112:21608
[ 5805053ms] [WARNING] ⚠️ React Router Future Flag Warning: React Router will begin wrapping state updates in `React.startTransition` in v7. You can use the `v7_startTransition` future flag to opt-in early. For more information, see https://reactrouter.com/v6/upgrading/future#v7_starttransition. @ http://localhost:5173/node_modules/.vite/deps/react-router-dom.js?v=50a6c112:4426
[ 6240242ms] [WARNING] MaxListenersExceededWarning: Possible EventEmitter memory leak detected. 11 close listeners added. Use emitter.setMaxListeners() to increase limit @ chrome-extension://nkbihfbeogaeaoehlefnkodbefgpgknn/scripts/contentscript.js:14082
[ 6240242ms] [WARNING] MaxListenersExceededWarning: Possible EventEmitter memory leak detected. 11 end listeners added. Use emitter.setMaxListeners() to increase limit @ chrome-extension://nkbihfbeogaeaoehlefnkodbefgpgknn/scripts/contentscript.js:14082
[ 6240260ms] [WARNING] ObjectMultiplex - orphaned data for stream "app-init-liveness" @ chrome-extension://nkbihfbeogaeaoehlefnkodbefgpgknn/scripts/contentscript.js:14082
[ 6240260ms] [WARNING] ObjectMultiplex - orphaned data for stream "app-init-liveness" @ chrome-extension://nkbihfbeogaeaoehlefnkodbefgpgknn/scripts/contentscript.js:14082
[ 6240261ms] [WARNING] ObjectMultiplex - orphaned data for stream "background-liveness" @ chrome-extension://nkbihfbeogaeaoehlefnkodbefgpgknn/scripts/contentscript.js:14082
[ 6240261ms] [WARNING] ObjectMultiplex - orphaned data for stream "background-liveness" @ chrome-extension://nkbihfbeogaeaoehlefnkodbefgpgknn/scripts/contentscript.js:14082
[ 6240261ms] [WARNING] ObjectMultiplex - malformed chunk without name "[object Object]" @ chrome-extension://nkbihfbeogaeaoehlefnkodbefgpgknn/scripts/contentscript.js:14082
[ 6240261ms] [WARNING] ObjectMultiplex - malformed chunk without name "[object Object]" @ chrome-extension://nkbihfbeogaeaoehlefnkodbefgpgknn/scripts/contentscript.js:14082
[ 6240399ms] [INFO] %cDownload the React DevTools for a better development experience: https://reactjs.org/link/react-devtools font-weight:bold @ http://localhost:5173/node_modules/.vite/deps/chunk-45HWO5LR.js?v=50a6c112:21608
[ 6240489ms] [WARNING] ⚠️ React Router Future Flag Warning: React Router will begin wrapping state updates in `React.startTransition` in v7. You can use the `v7_startTransition` future flag to opt-in early. For more information, see https://reactrouter.com/v6/upgrading/future#v7_starttransition. @ http://localhost:5173/node_modules/.vite/deps/react-router-dom.js?v=50a6c112:4426
[ 6241854ms] [WARNING] MaxListenersExceededWarning: Possible EventEmitter memory leak detected. 11 close listeners added. Use emitter.setMaxListeners() to increase limit @ chrome-extension://nkbihfbeogaeaoehlefnkodbefgpgknn/scripts/contentscript.js:14082
[ 6241854ms] [WARNING] MaxListenersExceededWarning: Possible EventEmitter memory leak detected. 11 end listeners added. Use emitter.setMaxListeners() to increase limit @ chrome-extension://nkbihfbeogaeaoehlefnkodbefgpgknn/scripts/contentscript.js:14082
[ 6241889ms] [WARNING] ObjectMultiplex - orphaned data for stream "app-init-liveness" @ chrome-extension://nkbihfbeogaeaoehlefnkodbefgpgknn/scripts/contentscript.js:14082
[ 6241890ms] [WARNING] ObjectMultiplex - orphaned data for stream "app-init-liveness" @ chrome-extension://nkbihfbeogaeaoehlefnkodbefgpgknn/scripts/contentscript.js:14082
[ 6241890ms] [WARNING] ObjectMultiplex - orphaned data for stream "background-liveness" @ chrome-extension://nkbihfbeogaeaoehlefnkodbefgpgknn/scripts/contentscript.js:14082
[ 6241890ms] [WARNING] ObjectMultiplex - orphaned data for stream "background-liveness" @ chrome-extension://nkbihfbeogaeaoehlefnkodbefgpgknn/scripts/contentscript.js:14082
[ 6241890ms] [WARNING] ObjectMultiplex - malformed chunk without name "[object Object]" @ chrome-extension://nkbihfbeogaeaoehlefnkodbefgpgknn/scripts/contentscript.js:14082
[ 6241890ms] [WARNING] ObjectMultiplex - malformed chunk without name "[object Object]" @ chrome-extension://nkbihfbeogaeaoehlefnkodbefgpgknn/scripts/contentscript.js:14082
[ 6241906ms] [INFO] %cDownload the React DevTools for a better development experience: https://reactjs.org/link/react-devtools font-weight:bold @ http://localhost:5173/node_modules/.vite/deps/chunk-45HWO5LR.js?v=50a6c112:21608
[ 6241947ms] [WARNING] ⚠️ React Router Future Flag Warning: React Router will begin wrapping state updates in `React.startTransition` in v7. You can use the `v7_startTransition` future flag to opt-in early. For more information, see https://reactrouter.com/v6/upgrading/future#v7_starttransition. @ http://localhost:5173/node_modules/.vite/deps/react-router-dom.js?v=50a6c112:4426
